<?xml version="1.0" encoding="UTF-8"?>
<!-- Generated by org.testng.reporters.JUnitReportReporter -->
<testsuite hostname="DESKTOP-3QP7156" failures="0" tests="2" name="test.sunday" time="0.056" errors="0" timestamp="05 May 2019 06:37:10 GMT" skipped="0">
  <testcase classname="test.sunday" name="m1" time="0.041"/>
  <testcase classname="test.sunday" name="m2" time="0.015"/>
</testsuite> <!-- test.sunday -->
