<?xml version="1.0" encoding="UTF-8"?>
<!-- Generated by org.testng.reporters.JUnitReportReporter -->
<testsuite hostname="DESKTOP-3QP7156" failures="0" tests="1" name="test.monday" time="0.015" errors="0" timestamp="05 May 2019 06:37:10 GMT" skipped="0">
  <testcase classname="test.monday" name="m1" time="0.015"/>
</testsuite> <!-- test.monday -->
